<?xml version="1.0" encoding="UTF-8"?>
<testsuite xmlns:xsi="http://www.w3.org/2001/XMLSchema-instance" xsi:noNamespaceSchemaLocation="https://maven.apache.org/surefire/maven-surefire-plugin/xsd/surefire-test-report-3.0.xsd" version="3.0" name="com.patternpatrol.service.DirectoryPatternsServiceTest" time="0.449" tests="16" errors="0" skipped="0" failures="0">
  <properties>
[...]
</properties>
  <testcase name="testShouldFailWithIncorrectPackagePatterns(String, DirectoryPattern, String, Set, Set)[1]" classname="com.patternpatrol.service.DirectoryPatternsServiceTest" time="0.161"/>
  <testcase name="testShouldFailWithIncorrectPackagePatterns(String, DirectoryPattern, String, Set, Set)[2]" classname="com.patternpatrol.service.DirectoryPatternsServiceTest" time="0.009"/>
  <testcase name="testShouldFailWithIncorrectPackagePatterns(String, DirectoryPattern, String, Set, Set)[3]" classname="com.patternpatrol.service.DirectoryPatternsServiceTest" time="0.005"/>
  <testcase name="testShouldFailWithIncorrectPackagePatterns(String, DirectoryPattern, String, Set, Set)[4]" classname="com.patternpatrol.service.DirectoryPatternsServiceTest" time="0.006"/>
  <testcase name="testShouldFailWithIncorrectPackagePatterns(String, DirectoryPattern, String, Set, Set)[5]" classname="com.patternpatrol.service.DirectoryPatternsServiceTest" time="0.002"/>
  <testcase name="testShouldFailWithIncorrectPackagePatterns(String, DirectoryPattern, String, Set, Set)[6]" classname="com.patternpatrol.service.DirectoryPatternsServiceTest" time="0.003"/>
  <testcase name="testShouldSucceedWithCorrectPackagePatterns(String, DirectoryPattern, String, Set, Set)[1]" classname="com.patternpatrol.service.DirectoryPatternsServiceTest" time="0.004"/>
  <testcase name="testShouldSucceedWithCorrectPackagePatterns(String, DirectoryPattern, String, Set, Set)[2]" classname="com.patternpatrol.service.DirectoryPatternsServiceTest" time="0.001"/>
  <testcase name="testShouldSucceedWithCorrectPackagePatterns(String, DirectoryPattern, String, Set, Set)[3]" classname="com.patternpatrol.service.DirectoryPatternsServiceTest" time="0.004"/>
  <testcase name="testShouldSucceedWithCorrectPackagePatterns(String, DirectoryPattern, String, Set, Set)[4]" classname="com.patternpatrol.service.DirectoryPatternsServiceTest" time="0.003"/>
  <testcase name="testShouldSucceedWithCorrectPackagePatterns(String, DirectoryPattern, String, Set, Set)[5]" classname="com.patternpatrol.service.DirectoryPatternsServiceTest" time="0.003"/>
  <testcase name="testShouldSucceedWithCorrectPackagePatterns(String, DirectoryPattern, String, Set, Set)[6]" classname="com.patternpatrol.service.DirectoryPatternsServiceTest" time="0.004"/>
  <testcase name="testShouldSucceedWithCorrectPackagePatterns(String, DirectoryPattern, String, Set, Set)[7]" classname="com.patternpatrol.service.DirectoryPatternsServiceTest" time="0.001"/>
  <testcase name="testShouldSucceedWithCorrectPackagePatterns(String, DirectoryPattern, String, Set, Set)[8]" classname="com.patternpatrol.service.DirectoryPatternsServiceTest" time="0.004"/>
  <testcase name="testShouldSucceedWithCorrectPackagePatterns(String, DirectoryPattern, String, Set, Set)[9]" classname="com.patternpatrol.service.DirectoryPatternsServiceTest" time="0.002"/>
  <testcase name="testShouldSucceedWithCorrectPackagePatterns(String, DirectoryPattern, String, Set, Set)[10]" classname="com.patternpatrol.service.DirectoryPatternsServiceTest" time="0.002"/>
</testsuite>